<?xml version="1.0" encoding="UTF-8"?>
<testng-results ignored="0" total="1" passed="1" failed="0" skipped="0">
  <reporter-output>
  </reporter-output>
  <suite started-at="2022-05-23T20:18:35 IST" name="InetBankingV1" finished-at="2022-05-23T20:19:04 IST" duration-ms="28470">
    <groups>
    </groups>
    <test started-at="2022-05-23T20:18:35 IST" name="BankingApp Test" finished-at="2022-05-23T20:19:04 IST" duration-ms="28470">
      <class name="com.inetbanking.testCases.TC_AddAccount_005">
        <test-method is-config="true" signature="setup(java.lang.String)[pri:0, instance:com.inetbanking.testCases.TC_AddAccount_005@36b0fcd5]" started-at="2022-05-23T20:18:35 IST" name="setup" finished-at="2022-05-23T20:18:43 IST" duration-ms="7239" status="PASS">
          <params>
            <param index="0">
              <value>
                <![CDATA[chrome]]>
              </value>
            </param>
          </params>
          <reporter-output>
          </reporter-output>
        </test-method> <!-- setup -->
        <test-method signature="addNewCustomer()[pri:0, instance:com.inetbanking.testCases.TC_AddAccount_005@36b0fcd5]" started-at="2022-05-23T20:18:43 IST" name="addNewCustomer" finished-at="2022-05-23T20:19:04 IST" duration-ms="21087" status="PASS">
          <reporter-output>
          </reporter-output>
        </test-method> <!-- addNewCustomer -->
      </class> <!-- com.inetbanking.testCases.TC_AddAccount_005 -->
    </test> <!-- BankingApp Test -->
  </suite> <!-- InetBankingV1 -->
</testng-results>
